<?xml version="1.0" encoding="UTF-8"?>
<testng-results skipped="0" failed="0" ignored="0" total="1" passed="1">
  <reporter-output>
  </reporter-output>
  <suite name="Default suite" duration-ms="27548" started-at="2019-07-31T17:25:09Z" finished-at="2019-07-31T17:25:37Z">
    <groups>
    </groups>
    <test name="Default test" duration-ms="27548" started-at="2019-07-31T17:25:09Z" finished-at="2019-07-31T17:25:37Z">
      <class name="ankroTraining.ActionsClass_ClickinMultipleItems">
        <test-method status="PASS" signature="test()[pri:0, instance:ankroTraining.ActionsClass_ClickinMultipleItems@12cdcf4]" name="test" duration-ms="27514" started-at="2019-07-31T17:25:09Z" finished-at="2019-07-31T17:25:37Z">
          <reporter-output>
          </reporter-output>
        </test-method> <!-- test -->
      </class> <!-- ankroTraining.ActionsClass_ClickinMultipleItems -->
    </test> <!-- Default test -->
  </suite> <!-- Default suite -->
</testng-results>
