<?xml version="1.0" encoding="UTF-8"?>
<testng-results skipped="0" failed="0" ignored="0" total="1" passed="1">
  <reporter-output>
  </reporter-output>
  <suite name="Default suite" duration-ms="12451" started-at="2019-07-17T12:55:47Z" finished-at="2019-07-17T12:56:00Z">
    <groups>
    </groups>
    <test name="Default test" duration-ms="12451" started-at="2019-07-17T12:55:47Z" finished-at="2019-07-17T12:56:00Z">
      <class name="demo.SwitchingTabs">
        <test-method status="PASS" signature="verifySwitching()[pri:0, instance:demo.SwitchingTabs@cb51256]" name="verifySwitching" duration-ms="12426" started-at="2019-07-17T12:55:47Z" finished-at="2019-07-17T12:56:00Z">
          <reporter-output>
          </reporter-output>
        </test-method> <!-- verifySwitching -->
      </class> <!-- demo.SwitchingTabs -->
    </test> <!-- Default test -->
  </suite> <!-- Default suite -->
</testng-results>
