<?xml version="1.0" encoding="UTF-8"?>
<!-- Generated by org.testng.reporters.JUnitXMLReporter -->
<testsuite hostname="LAPTOP-5M6A98T7" ignored="0" name="IETest" tests="1" failures="1" timestamp="17 Jul 2019 11:57:36 GMT" time="0.039" errors="0">
  <testcase name="ScrollingFlipkartApplication" time="0.029" classname="demo.ScrollingOnFlipkart">
    <failure type="java.lang.IllegalStateException" message="The path to the driver executable must be set by the webdriver.ie.driver system property; for more information, see https://github.com/SeleniumHQ/selenium/wiki/InternetExplorerDriver. The latest version can be downloaded from http://selenium-release.storage.googleapis.com/index.html">
      <![CDATA[java.lang.IllegalStateException: The path to the driver executable must be set by the webdriver.ie.driver system property; for more information, see https://github.com/SeleniumHQ/selenium/wiki/InternetExplorerDriver. The latest version can be downloaded from http://selenium-release.storage.googleapis.com/index.html
at com.google.common.base.Preconditions.checkState(Preconditions.java:199)
at org.openqa.selenium.remote.service.DriverService.findExecutable(DriverService.java:109)
at org.openqa.selenium.ie.InternetExplorerDriverService.access$000(InternetExplorerDriverService.java:32)
at org.openqa.selenium.ie.InternetExplorerDriverService$Builder.findDefaultExecutable(InternetExplorerDriverService.java:167)
at org.openqa.selenium.remote.service.DriverService$Builder.build(DriverService.java:296)
at org.openqa.selenium.ie.InternetExplorerDriver.setupService(InternetExplorerDriver.java:251)
at org.openqa.selenium.ie.InternetExplorerDriver.<init>(InternetExplorerDriver.java:172)
at org.openqa.selenium.ie.InternetExplorerDriver.<init>(InternetExplorerDriver.java:146)
at demo.ScrollingOnFlipkart.ScrollingFlipkartApplication(ScrollingOnFlipkart.java:49)
at java.util.concurrent.ThreadPoolExecutor.runWorker(ThreadPoolExecutor.java:1149)
at java.util.concurrent.ThreadPoolExecutor$Worker.run(ThreadPoolExecutor.java:624)
at java.lang.Thread.run(Thread.java:748)
... Removed 10 stack frames]]>
    </failure>
  </testcase> <!-- ScrollingFlipkartApplication -->
</testsuite> <!-- IETest -->
